2024-10-09 16:46:26 [main] INFO  com.verve.verve.VerveApplication - Starting VerveApplication using Java 23 with PID 34757 (/Users/manojburdak/Downloads/Interview/verve/target/classes started by manojburdak in /Users/manojburdak/Downloads/Interview/verve)
2024-10-09 16:46:26 [main] INFO  com.verve.verve.VerveApplication - No active profile set, falling back to 1 default profile: "default"
2024-10-09 16:46:26 [main] INFO  o.s.d.r.c.RepositoryConfigurationDelegate - Multiple Spring Data modules found, entering strict repository configuration mode
2024-10-09 16:46:26 [main] INFO  o.s.d.r.c.RepositoryConfigurationDelegate - Bootstrapping Spring Data Redis repositories in DEFAULT mode.
2024-10-09 16:46:26 [main] INFO  o.s.d.r.c.RepositoryConfigurationDelegate - Finished Spring Data repository scanning in 4 ms. Found 0 Redis repository interfaces.
2024-10-09 16:46:26 [main] INFO  o.s.b.w.e.tomcat.TomcatWebServer - Tomcat initialized with port 8080 (http)
2024-10-09 16:46:26 [main] INFO  o.a.coyote.http11.Http11NioProtocol - Initializing ProtocolHandler ["http-nio-8080"]
2024-10-09 16:46:26 [main] INFO  o.a.catalina.core.StandardService - Starting service [Tomcat]
2024-10-09 16:46:26 [main] INFO  o.a.catalina.core.StandardEngine - Starting Servlet engine: [Apache Tomcat/10.1.30]
2024-10-09 16:46:26 [main] INFO  o.a.c.c.C.[Tomcat].[localhost].[/] - Initializing Spring embedded WebApplicationContext
2024-10-09 16:46:26 [main] INFO  o.s.b.w.s.c.ServletWebServerApplicationContext - Root WebApplicationContext: initialization completed in 392 ms
2024-10-09 16:46:26 [main] INFO  o.a.coyote.http11.Http11NioProtocol - Starting ProtocolHandler ["http-nio-8080"]
2024-10-09 16:46:26 [main] INFO  o.s.b.w.e.tomcat.TomcatWebServer - Tomcat started on port 8080 (http) with context path '/'
2024-10-09 16:46:26 [main] INFO  com.verve.verve.VerveApplication - Started VerveApplication in 0.981 seconds (process running for 1.128)
2024-10-09 16:46:27 [scheduling-1] INFO  com.verve.verve.RequestService - Unique requests in minute unique-ids:2024-10-09T16:45: 0
2024-10-09 16:46:32 [http-nio-8080-exec-1] INFO  o.a.c.c.C.[Tomcat].[localhost].[/] - Initializing Spring DispatcherServlet 'dispatcherServlet'
2024-10-09 16:46:32 [http-nio-8080-exec-1] INFO  o.s.web.servlet.DispatcherServlet - Initializing Servlet 'dispatcherServlet'
2024-10-09 16:46:32 [http-nio-8080-exec-1] INFO  o.s.web.servlet.DispatcherServlet - Completed initialization in 0 ms
2024-10-09 16:46:32 [http-nio-8080-exec-1] INFO  com.verve.verve.RequestService - Received a unique request with id: 126
2024-10-09 16:46:37 [http-nio-8080-exec-2] INFO  com.verve.verve.RequestService - Received a unique request with id: 127
2024-10-09 16:47:26 [scheduling-1] INFO  com.verve.verve.RequestService - Unique requests in minute unique-ids:2024-10-09T16:46: 2
2024-10-09 17:10:12 [main] INFO  com.verve.verve.VerveApplication - Starting VerveApplication using Java 23 with PID 34903 (/Users/manojburdak/Downloads/Interview/verve/target/classes started by manojburdak in /Users/manojburdak/Downloads/Interview/verve)
2024-10-09 17:10:12 [main] INFO  com.verve.verve.VerveApplication - No active profile set, falling back to 1 default profile: "default"
2024-10-09 17:10:12 [main] INFO  o.s.d.r.c.RepositoryConfigurationDelegate - Multiple Spring Data modules found, entering strict repository configuration mode
2024-10-09 17:10:12 [main] INFO  o.s.d.r.c.RepositoryConfigurationDelegate - Bootstrapping Spring Data Redis repositories in DEFAULT mode.
2024-10-09 17:10:12 [main] INFO  o.s.d.r.c.RepositoryConfigurationDelegate - Finished Spring Data repository scanning in 3 ms. Found 0 Redis repository interfaces.
2024-10-09 17:10:13 [main] INFO  o.s.b.w.e.tomcat.TomcatWebServer - Tomcat initialized with port 8080 (http)
2024-10-09 17:10:13 [main] INFO  o.a.coyote.http11.Http11NioProtocol - Initializing ProtocolHandler ["http-nio-8080"]
2024-10-09 17:10:13 [main] INFO  o.a.catalina.core.StandardService - Starting service [Tomcat]
2024-10-09 17:10:13 [main] INFO  o.a.catalina.core.StandardEngine - Starting Servlet engine: [Apache Tomcat/10.1.30]
2024-10-09 17:10:13 [main] INFO  o.a.c.c.C.[Tomcat].[localhost].[/] - Initializing Spring embedded WebApplicationContext
2024-10-09 17:10:13 [main] INFO  o.s.b.w.s.c.ServletWebServerApplicationContext - Root WebApplicationContext: initialization completed in 374 ms
2024-10-09 17:10:13 [main] INFO  o.a.coyote.http11.Http11NioProtocol - Starting ProtocolHandler ["http-nio-8080"]
2024-10-09 17:10:13 [main] INFO  o.s.b.a.l.ConditionEvaluationReportLogger - 

Error starting ApplicationContext. To display the condition evaluation report re-run your application with 'debug' enabled.
2024-10-09 17:10:54 [main] INFO  com.verve.verve.VerveApplication - Starting VerveApplication using Java 23 with PID 34915 (/Users/manojburdak/Downloads/Interview/verve/target/classes started by manojburdak in /Users/manojburdak/Downloads/Interview/verve)
2024-10-09 17:10:54 [main] INFO  com.verve.verve.VerveApplication - No active profile set, falling back to 1 default profile: "default"
2024-10-09 17:10:55 [main] INFO  o.s.d.r.c.RepositoryConfigurationDelegate - Multiple Spring Data modules found, entering strict repository configuration mode
2024-10-09 17:10:55 [main] INFO  o.s.d.r.c.RepositoryConfigurationDelegate - Bootstrapping Spring Data Redis repositories in DEFAULT mode.
2024-10-09 17:10:55 [main] INFO  o.s.d.r.c.RepositoryConfigurationDelegate - Finished Spring Data repository scanning in 4 ms. Found 0 Redis repository interfaces.
2024-10-09 17:10:55 [main] INFO  o.s.b.w.e.tomcat.TomcatWebServer - Tomcat initialized with port 8080 (http)
2024-10-09 17:10:55 [main] INFO  o.a.coyote.http11.Http11NioProtocol - Initializing ProtocolHandler ["http-nio-8080"]
2024-10-09 17:10:55 [main] INFO  o.a.catalina.core.StandardService - Starting service [Tomcat]
2024-10-09 17:10:55 [main] INFO  o.a.catalina.core.StandardEngine - Starting Servlet engine: [Apache Tomcat/10.1.30]
2024-10-09 17:10:55 [main] INFO  o.a.c.c.C.[Tomcat].[localhost].[/] - Initializing Spring embedded WebApplicationContext
2024-10-09 17:10:55 [main] INFO  o.s.b.w.s.c.ServletWebServerApplicationContext - Root WebApplicationContext: initialization completed in 373 ms
2024-10-09 17:10:55 [main] INFO  o.a.coyote.http11.Http11NioProtocol - Starting ProtocolHandler ["http-nio-8080"]
2024-10-09 17:10:55 [main] INFO  o.s.b.w.e.tomcat.TomcatWebServer - Tomcat started on port 8080 (http) with context path '/'
2024-10-09 17:10:55 [main] INFO  com.verve.verve.VerveApplication - Started VerveApplication in 0.929 seconds (process running for 1.079)
2024-10-09 17:10:55 [scheduling-1] INFO  com.verve.verve.RequestService - Unique requests in minute unique-ids:2024-10-09T17:09: 0
2024-10-09 17:10:55 [scheduling-1] INFO  com.verve.verve.RequestService1 - Cleaned up unique requests for unique-ids:2024-10-09T17:00:00
2024-10-09 17:11:00 [http-nio-8080-exec-1] INFO  o.a.c.c.C.[Tomcat].[localhost].[/] - Initializing Spring DispatcherServlet 'dispatcherServlet'
2024-10-09 17:11:00 [http-nio-8080-exec-1] INFO  o.s.web.servlet.DispatcherServlet - Initializing Servlet 'dispatcherServlet'
2024-10-09 17:11:00 [http-nio-8080-exec-1] INFO  o.s.web.servlet.DispatcherServlet - Completed initialization in 1 ms
2024-10-09 17:11:00 [http-nio-8080-exec-1] INFO  com.verve.verve.RequestService - Received a unique request with id: 128
2024-10-09 17:11:04 [http-nio-8080-exec-2] INFO  com.verve.verve.RequestService - Received a unique request with id: 129
2024-10-09 17:11:16 [main] INFO  com.verve.verve.VerveApplication - Starting VerveApplication using Java 23 with PID 34927 (/Users/manojburdak/Downloads/Interview/verve/target/classes started by manojburdak in /Users/manojburdak/Downloads/Interview/verve)
2024-10-09 17:11:16 [main] INFO  com.verve.verve.VerveApplication - No active profile set, falling back to 1 default profile: "default"
2024-10-09 17:11:16 [main] INFO  o.s.d.r.c.RepositoryConfigurationDelegate - Multiple Spring Data modules found, entering strict repository configuration mode
2024-10-09 17:11:16 [main] INFO  o.s.d.r.c.RepositoryConfigurationDelegate - Bootstrapping Spring Data Redis repositories in DEFAULT mode.
2024-10-09 17:11:16 [main] INFO  o.s.d.r.c.RepositoryConfigurationDelegate - Finished Spring Data repository scanning in 3 ms. Found 0 Redis repository interfaces.
2024-10-09 17:11:17 [main] INFO  o.s.b.w.e.tomcat.TomcatWebServer - Tomcat initialized with port 8080 (http)
2024-10-09 17:11:17 [main] INFO  o.a.coyote.http11.Http11NioProtocol - Initializing ProtocolHandler ["http-nio-8080"]
2024-10-09 17:11:17 [main] INFO  o.a.catalina.core.StandardService - Starting service [Tomcat]
2024-10-09 17:11:17 [main] INFO  o.a.catalina.core.StandardEngine - Starting Servlet engine: [Apache Tomcat/10.1.30]
2024-10-09 17:11:17 [main] INFO  o.a.c.c.C.[Tomcat].[localhost].[/] - Initializing Spring embedded WebApplicationContext
2024-10-09 17:11:17 [main] INFO  o.s.b.w.s.c.ServletWebServerApplicationContext - Root WebApplicationContext: initialization completed in 357 ms
2024-10-09 17:11:17 [main] INFO  o.a.coyote.http11.Http11NioProtocol - Starting ProtocolHandler ["http-nio-8080"]
2024-10-09 17:11:17 [main] INFO  o.s.b.w.e.tomcat.TomcatWebServer - Tomcat started on port 8080 (http) with context path '/'
2024-10-09 17:11:17 [main] INFO  com.verve.verve.VerveApplication - Started VerveApplication in 0.892 seconds (process running for 1.034)
2024-10-09 17:11:17 [scheduling-1] INFO  com.verve.verve.RequestService1 - Cleaned up unique requests for unique-ids:2024-10-09T17:01:00
2024-10-09 17:11:17 [scheduling-1] INFO  com.verve.verve.RequestService - Unique requests in minute unique-ids:2024-10-09T17:10: 0
2024-10-09 17:11:21 [http-nio-8080-exec-1] INFO  o.a.c.c.C.[Tomcat].[localhost].[/] - Initializing Spring DispatcherServlet 'dispatcherServlet'
2024-10-09 17:11:21 [http-nio-8080-exec-1] INFO  o.s.web.servlet.DispatcherServlet - Initializing Servlet 'dispatcherServlet'
2024-10-09 17:11:21 [http-nio-8080-exec-1] INFO  o.s.web.servlet.DispatcherServlet - Completed initialization in 0 ms
2024-10-09 17:11:21 [http-nio-8080-exec-1] INFO  com.verve.verve.RequestService1 - Received a unique request with id: 129
2024-10-09 17:11:25 [http-nio-8080-exec-2] INFO  com.verve.verve.RequestService1 - Received a unique request with id: 130
2024-10-09 18:16:38 [main] INFO  com.verve.verve.VerveApplication - Starting VerveApplication using Java 23 with PID 37750 (/Users/manojburdak/Documents/GitHub/verve/target/classes started by manojburdak in /Users/manojburdak/Documents/GitHub/verve)
2024-10-09 18:16:38 [main] INFO  com.verve.verve.VerveApplication - No active profile set, falling back to 1 default profile: "default"
2024-10-09 18:16:38 [main] INFO  o.s.d.r.c.RepositoryConfigurationDelegate - Multiple Spring Data modules found, entering strict repository configuration mode
2024-10-09 18:16:38 [main] INFO  o.s.d.r.c.RepositoryConfigurationDelegate - Bootstrapping Spring Data Redis repositories in DEFAULT mode.
2024-10-09 18:16:38 [main] INFO  o.s.d.r.c.RepositoryConfigurationDelegate - Finished Spring Data repository scanning in 4 ms. Found 0 Redis repository interfaces.
2024-10-09 18:16:38 [main] INFO  o.s.b.w.e.tomcat.TomcatWebServer - Tomcat initialized with port 8080 (http)
2024-10-09 18:16:38 [main] INFO  o.a.coyote.http11.Http11NioProtocol - Initializing ProtocolHandler ["http-nio-8080"]
2024-10-09 18:16:38 [main] INFO  o.a.catalina.core.StandardService - Starting service [Tomcat]
2024-10-09 18:16:38 [main] INFO  o.a.catalina.core.StandardEngine - Starting Servlet engine: [Apache Tomcat/10.1.30]
2024-10-09 18:16:38 [main] INFO  o.a.c.c.C.[Tomcat].[localhost].[/] - Initializing Spring embedded WebApplicationContext
2024-10-09 18:16:38 [main] INFO  o.s.b.w.s.c.ServletWebServerApplicationContext - Root WebApplicationContext: initialization completed in 417 ms
2024-10-09 18:16:38 [main] INFO  o.a.coyote.http11.Http11NioProtocol - Starting ProtocolHandler ["http-nio-8080"]
2024-10-09 18:16:38 [main] INFO  o.s.b.w.e.tomcat.TomcatWebServer - Tomcat started on port 8080 (http) with context path '/'
2024-10-09 18:16:38 [main] INFO  com.verve.verve.VerveApplication - Started VerveApplication in 0.997 seconds (process running for 1.151)
2024-10-09 18:16:38 [scheduling-1] INFO  com.verve.verve.RequestService - Cleaned up unique requests for unique-ids:2024-10-09T18:06:00
2024-10-09 18:16:38 [scheduling-1] INFO  c.v.verve.RequestServiceWithRedis - Unique requests in minute unique-ids:2024-10-09T18:15: 0
2024-10-09 18:16:45 [http-nio-8080-exec-1] INFO  o.a.c.c.C.[Tomcat].[localhost].[/] - Initializing Spring DispatcherServlet 'dispatcherServlet'
2024-10-09 18:16:45 [http-nio-8080-exec-1] INFO  o.s.web.servlet.DispatcherServlet - Initializing Servlet 'dispatcherServlet'
2024-10-09 18:16:45 [http-nio-8080-exec-1] INFO  o.s.web.servlet.DispatcherServlet - Completed initialization in 0 ms
2024-10-09 18:16:45 [http-nio-8080-exec-1] INFO  com.verve.verve.RequestService - Received a unique request with id: 125
2024-10-09 18:19:22 [main] INFO  c.verve.verve.VerveApplicationTests - Starting VerveApplicationTests using Java 23 with PID 37874 (started by manojburdak in /Users/manojburdak/Documents/GitHub/verve)
2024-10-09 18:19:22 [main] INFO  c.verve.verve.VerveApplicationTests - No active profile set, falling back to 1 default profile: "default"
2024-10-09 18:19:22 [main] INFO  o.s.d.r.c.RepositoryConfigurationDelegate - Multiple Spring Data modules found, entering strict repository configuration mode
2024-10-09 18:19:22 [main] INFO  o.s.d.r.c.RepositoryConfigurationDelegate - Bootstrapping Spring Data Redis repositories in DEFAULT mode.
2024-10-09 18:19:22 [main] INFO  o.s.d.r.c.RepositoryConfigurationDelegate - Finished Spring Data repository scanning in 4 ms. Found 0 Redis repository interfaces.
2024-10-09 18:19:22 [main] INFO  c.verve.verve.VerveApplicationTests - Started VerveApplicationTests in 0.83 seconds (process running for 1.203)
2024-10-09 18:19:22 [scheduling-1] INFO  com.verve.verve.RequestService - Cleaned up unique requests for unique-ids:2024-10-09T18:09:00
2024-10-09 18:19:23 [scheduling-1] INFO  c.v.verve.RequestServiceWithRedis - Unique requests in minute unique-ids:2024-10-09T18:18: 0
